# JRE version: OpenJDK Runtime Environment Temurin-21.0.9+10 (21.0.9+10) (build 21.0.9+10-LTS)
# Java VM: OpenJDK 64-Bit Server VM Temurin-21.0.9+10 (21.0.9+10-LTS, mixed mode, sharing, tiered, compressed oops, compressed class ptrs, parallel gc, windows-amd64)
GC Precious Log:
 CardTable entry size: 512
 CPUs: 20 total, 20 available
 Memory: 32472M
 Large Page Support: Disabled
 NUMA Support: Disabled
 Compressed Oops: Enabled (32-bit)
 Alignments: Space 512K, Generation 512K, Heap 2M
 Heap Min Capacity: 100M
 Heap Initial Capacity: 100M
 Heap Max Capacity: 2G
 Pre-touch: Disabled
 Parallel Workers: 15
Heap:
 PSYoungGen      total 16384K, used 15466K [0x00000000d5580000, 0x00000000d6980000, 0x0000000100000000)
  eden space 14336K, 97% used [0x00000000d5580000,0x00000000d6317388,0x00000000d6380000)
  from space 2048K, 75% used [0x00000000d6580000,0x00000000d6703520,0x00000000d6780000)
  to   space 2048K, 0% used [0x00000000d6780000,0x00000000d6780000,0x00000000d6980000)
 ParOldGen       total 68608K, used 54995K [0x0000000080000000, 0x0000000084300000, 0x00000000d5580000)
  object space 68608K, 80% used [0x0000000080000000,0x00000000835b4ef0,0x0000000084300000)
 Metaspace       used 67258K, committed 68672K, reserved 1114112K
  class space    used 7198K, committed 7808K, reserved 1048576K
GC Heap History (20 events):
Event: 27.732 GC heap before
{Heap before GC invocations=37 (full 3):
 PSYoungGen      total 19456K, used 19453K [0x00000000d5580000, 0x00000000d6c80000, 0x0000000100000000)
  eden space 18432K, 100% used [0x00000000d5580000,0x00000000d6780000,0x00000000d6780000)
  from space 1024K, 99% used [0x00000000d6880000,0x00000000d697f528,0x00000000d6980000)
  to   space 2560K, 0% used [0x00000000d6a00000,0x00000000d6a00000,0x00000000d6c80000)
 ParOldGen       total 68608K, used 39987K [0x0000000080000000, 0x0000000084300000, 0x00000000d5580000)
  object space 68608K, 58% used [0x0000000080000000,0x000000008270cf30,0x0000000084300000)
 Metaspace       used 59963K, committed 61376K, reserved 1114112K
  class space    used 6560K, committed 7168K, reserved 1048576K
}
Event: 27.733 GC heap after
{Heap after GC invocations=37 (full 3):
 PSYoungGen      total 19968K, used 1206K [0x00000000d5580000, 0x00000000d6b80000, 0x0000000100000000)
  eden space 18432K, 0% used [0x00000000d5580000,0x00000000d5580000,0x00000000d6780000)
  from space 1536K, 78% used [0x00000000d6a00000,0x00000000d6b2da88,0x00000000d6b80000)
  to   space 1536K, 0% used [0x00000000d6880000,0x00000000d6880000,0x00000000d6a00000)
 ParOldGen       total 68608K, used 40855K [0x0000000080000000, 0x0000000084300000, 0x00000000d5580000)
  object space 68608K, 59% used [0x0000000080000000,0x00000000827e5c10,0x0000000084300000)
 Metaspace       used 59963K, committed 61376K, reserved 1114112K
  class space    used 6560K, committed 7168K, reserved 1048576K
}
Event: 27.914 GC heap before
{Heap before GC invocations=38 (full 3):
 PSYoungGen      total 19968K, used 19638K [0x00000000d5580000, 0x00000000d6b80000, 0x0000000100000000)
  eden space 18432K, 100% used [0x00000000d5580000,0x00000000d6780000,0x00000000d6780000)
  from space 1536K, 78% used [0x00000000d6a00000,0x00000000d6b2da88,0x00000000d6b80000)
  to   space 1536K, 0% used [0x00000000d6880000,0x00000000d6880000,0x00000000d6a00000)
 ParOldGen       total 68608K, used 40855K [0x0000000080000000, 0x0000000084300000, 0x00000000d5580000)
  object space 68608K, 59% used [0x0000000080000000,0x00000000827e5c10,0x0000000084300000)
 Metaspace       used 61779K, committed 63168K, reserved 1114112K
  class space    used 6723K, committed 7296K, reserved 1048576K
}
Event: 27.914 GC heap after
{Heap after GC invocations=38 (full 3):
 PSYoungGen      total 19456K, used 531K [0x00000000d5580000, 0x00000000d6a80000, 0x0000000100000000)
  eden space 18432K, 0% used [0x00000000d5580000,0x00000000d5580000,0x00000000d6780000)
  from space 1024K, 51% used [0x00000000d6880000,0x00000000d6904c20,0x00000000d6980000)
  to   space 1024K, 0% used [0x00000000d6980000,0x00000000d6980000,0x00000000d6a80000)
 ParOldGen       total 68608K, used 41095K [0x0000000080000000, 0x0000000084300000, 0x00000000d5580000)
  object space 68608K, 59% used [0x0000000080000000,0x0000000082821c10,0x0000000084300000)
 Metaspace       used 61779K, committed 63168K, reserved 1114112K
  class space    used 6723K, committed 7296K, reserved 1048576K
}
Event: 53555.242 GC heap before
{Heap before GC invocations=39 (full 3):
 PSYoungGen      total 19456K, used 18963K [0x00000000d5580000, 0x00000000d6a80000, 0x0000000100000000)
  eden space 18432K, 100% used [0x00000000d5580000,0x00000000d6780000,0x00000000d6780000)
  from space 1024K, 51% used [0x00000000d6880000,0x00000000d6904c20,0x00000000d6980000)
  to   space 1024K, 0% used [0x00000000d6980000,0x00000000d6980000,0x00000000d6a80000)
 ParOldGen       total 68608K, used 41095K [0x0000000080000000, 0x0000000084300000, 0x00000000d5580000)
  object space 68608K, 59% used [0x0000000080000000,0x0000000082821c10,0x0000000084300000)
 Metaspace       used 62996K, committed 64384K, reserved 1114112K
  class space    used 6820K, committed 7488K, reserved 1048576K
}
Event: 53555.269 GC heap after
{Heap after GC invocations=39 (full 3):
 PSYoungGen      total 19456K, used 1017K [0x00000000d5580000, 0x00000000d6b80000, 0x0000000100000000)
  eden space 18432K, 0% used [0x00000000d5580000,0x00000000d5580000,0x00000000d6780000)
  from space 1024K, 99% used [0x00000000d6980000,0x00000000d6a7e480,0x00000000d6a80000)
  to   space 2048K, 0% used [0x00000000d6780000,0x00000000d6780000,0x00000000d6980000)
 ParOldGen       total 68608K, used 41549K [0x0000000080000000, 0x0000000084300000, 0x00000000d5580000)
  object space 68608K, 60% used [0x0000000080000000,0x0000000082893680,0x0000000084300000)
 Metaspace       used 62996K, committed 64384K, reserved 1114112K
  class space    used 6820K, committed 7488K, reserved 1048576K
}
Event: 85477.791 GC heap before
{Heap before GC invocations=40 (full 3):
 PSYoungGen      total 19456K, used 19449K [0x00000000d5580000, 0x00000000d6b80000, 0x0000000100000000)
  eden space 18432K, 100% used [0x00000000d5580000,0x00000000d6780000,0x00000000d6780000)
  from space 1024K, 99% used [0x00000000d6980000,0x00000000d6a7e480,0x00000000d6a80000)
  to   space 2048K, 0% used [0x00000000d6780000,0x00000000d6780000,0x00000000d6980000)
 ParOldGen       total 68608K, used 41549K [0x0000000080000000, 0x0000000084300000, 0x00000000d5580000)
  object space 68608K, 60% used [0x0000000080000000,0x0000000082893680,0x0000000084300000)
 Metaspace       used 64730K, committed 66112K, reserved 1114112K
  class space    used 7044K, committed 7680K, reserved 1048576K
}
Event: 85477.796 GC heap after
{Heap after GC invocations=40 (full 3):
 PSYoungGen      total 20480K, used 2016K [0x00000000d5580000, 0x00000000d7280000, 0x0000000100000000)
  eden space 18432K, 0% used [0x00000000d5580000,0x00000000d5580000,0x00000000d6780000)
  from space 2048K, 98% used [0x00000000d6780000,0x00000000d6978040,0x00000000d6980000)
  to   space 5632K, 0% used [0x00000000d6d00000,0x00000000d6d00000,0x00000000d7280000)
 ParOldGen       total 68608K, used 44156K [0x0000000080000000, 0x0000000084300000, 0x00000000d5580000)
  object space 68608K, 64% used [0x0000000080000000,0x0000000082b1f140,0x0000000084300000)
 Metaspace       used 64730K, committed 66112K, reserved 1114112K
  class space    used 7044K, committed 7680K, reserved 1048576K
}
Event: 85481.149 GC heap before
{Heap before GC invocations=41 (full 3):
 PSYoungGen      total 20480K, used 20448K [0x00000000d5580000, 0x00000000d7280000, 0x0000000100000000)
  eden space 18432K, 100% used [0x00000000d5580000,0x00000000d6780000,0x00000000d6780000)
  from space 2048K, 98% used [0x00000000d6780000,0x00000000d6978040,0x00000000d6980000)
  to   space 5632K, 0% used [0x00000000d6d00000,0x00000000d6d00000,0x00000000d7280000)
 ParOldGen       total 68608K, used 44156K [0x0000000080000000, 0x0000000084300000, 0x00000000d5580000)
  object space 68608K, 64% used [0x0000000080000000,0x0000000082b1f140,0x0000000084300000)
 Metaspace       used 65434K, committed 66816K, reserved 1114112K
  class space    used 7087K, committed 7680K, reserved 1048576K
}
Event: 85481.155 GC heap after
{Heap after GC invocations=41 (full 3):
 PSYoungGen      total 19968K, used 5601K [0x00000000d5580000, 0x00000000d7a80000, 0x0000000100000000)
  eden space 14336K, 0% used [0x00000000d5580000,0x00000000d5580000,0x00000000d6380000)
  from space 5632K, 99% used [0x00000000d6d00000,0x00000000d72785b0,0x00000000d7280000)
  to   space 9728K, 0% used [0x00000000d6380000,0x00000000d6380000,0x00000000d6d00000)
 ParOldGen       total 68608K, used 47348K [0x0000000080000000, 0x0000000084300000, 0x00000000d5580000)
  object space 68608K, 69% used [0x0000000080000000,0x0000000082e3d1a0,0x0000000084300000)
 Metaspace       used 65434K, committed 66816K, reserved 1114112K
  class space    used 7087K, committed 7680K, reserved 1048576K
}
Event: 85487.147 GC heap before
{Heap before GC invocations=42 (full 3):
 PSYoungGen      total 19968K, used 19937K [0x00000000d5580000, 0x00000000d7a80000, 0x0000000100000000)
  eden space 14336K, 100% used [0x00000000d5580000,0x00000000d6380000,0x00000000d6380000)
  from space 5632K, 99% used [0x00000000d6d00000,0x00000000d72785b0,0x00000000d7280000)
  to   space 9728K, 0% used [0x00000000d6380000,0x00000000d6380000,0x00000000d6d00000)
 ParOldGen       total 68608K, used 47348K [0x0000000080000000, 0x0000000084300000, 0x00000000d5580000)
  object space 68608K, 69% used [0x0000000080000000,0x0000000082e3d1a0,0x0000000084300000)
 Metaspace       used 65731K, committed 67264K, reserved 1114112K
  class space    used 7089K, committed 7744K, reserved 1048576K
}
Event: 85487.150 GC heap after
{Heap after GC invocations=42 (full 3):
 PSYoungGen      total 17920K, used 3447K [0x00000000d5580000, 0x00000000d6e80000, 0x0000000100000000)
  eden space 14336K, 0% used [0x00000000d5580000,0x00000000d5580000,0x00000000d6380000)
  from space 3584K, 96% used [0x00000000d6380000,0x00000000d66ddf50,0x00000000d6700000)
  to   space 5632K, 0% used [0x00000000d6900000,0x00000000d6900000,0x00000000d6e80000)
 ParOldGen       total 68608K, used 48605K [0x0000000080000000, 0x0000000084300000, 0x00000000d5580000)
  object space 68608K, 70% used [0x0000000080000000,0x0000000082f77798,0x0000000084300000)
 Metaspace       used 65731K, committed 67264K, reserved 1114112K
  class space    used 7089K, committed 7744K, reserved 1048576K
}
Event: 85487.398 GC heap before
{Heap before GC invocations=43 (full 3):
 PSYoungGen      total 17920K, used 17783K [0x00000000d5580000, 0x00000000d6e80000, 0x0000000100000000)
  eden space 14336K, 100% used [0x00000000d5580000,0x00000000d6380000,0x00000000d6380000)
  from space 3584K, 96% used [0x00000000d6380000,0x00000000d66ddf50,0x00000000d6700000)
  to   space 5632K, 0% used [0x00000000d6900000,0x00000000d6900000,0x00000000d6e80000)
 ParOldGen       total 68608K, used 48605K [0x0000000080000000, 0x0000000084300000, 0x00000000d5580000)
  object space 68608K, 70% used [0x0000000080000000,0x0000000082f77798,0x0000000084300000)
 Metaspace       used 65784K, committed 67264K, reserved 1114112K
  class space    used 7089K, committed 7744K, reserved 1048576K
}
Event: 85487.400 GC heap after
{Heap after GC invocations=43 (full 3):
 PSYoungGen      total 15872K, used 1197K [0x00000000d5580000, 0x00000000d6a80000, 0x0000000100000000)
  eden space 14336K, 0% used [0x00000000d5580000,0x00000000d5580000,0x00000000d6380000)
  from space 1536K, 77% used [0x00000000d6900000,0x00000000d6a2b510,0x00000000d6a80000)
  to   space 2560K, 0% used [0x00000000d6580000,0x00000000d6580000,0x00000000d6800000)
 ParOldGen       total 68608K, used 51621K [0x0000000080000000, 0x0000000084300000, 0x00000000d5580000)
  object space 68608K, 75% used [0x0000000080000000,0x00000000832696e8,0x0000000084300000)
 Metaspace       used 65784K, committed 67264K, reserved 1114112K
  class space    used 7089K, committed 7744K, reserved 1048576K
}
Event: 85492.451 GC heap before
{Heap before GC invocations=44 (full 3):
 PSYoungGen      total 15872K, used 15533K [0x00000000d5580000, 0x00000000d6a80000, 0x0000000100000000)
  eden space 14336K, 100% used [0x00000000d5580000,0x00000000d6380000,0x00000000d6380000)
  from space 1536K, 77% used [0x00000000d6900000,0x00000000d6a2b510,0x00000000d6a80000)
  to   space 2560K, 0% used [0x00000000d6580000,0x00000000d6580000,0x00000000d6800000)
 ParOldGen       total 68608K, used 51621K [0x0000000080000000, 0x0000000084300000, 0x00000000d5580000)
  object space 68608K, 75% used [0x0000000080000000,0x00000000832696e8,0x0000000084300000)
 Metaspace       used 66047K, committed 67456K, reserved 1114112K
  class space    used 7101K, committed 7744K, reserved 1048576K
}
Event: 85492.454 GC heap after
{Heap after GC invocations=44 (full 3):
 PSYoungGen      total 16896K, used 2549K [0x00000000d5580000, 0x00000000d6e80000, 0x0000000100000000)
  eden space 14336K, 0% used [0x00000000d5580000,0x00000000d5580000,0x00000000d6380000)
  from space 2560K, 99% used [0x00000000d6580000,0x00000000d67fd560,0x00000000d6800000)
  to   space 5632K, 0% used [0x00000000d6900000,0x00000000d6900000,0x00000000d6e80000)
 ParOldGen       total 68608K, used 53629K [0x0000000080000000, 0x0000000084300000, 0x00000000d5580000)
  object space 68608K, 78% used [0x0000000080000000,0x000000008345f6e8,0x0000000084300000)
 Metaspace       used 66047K, committed 67456K, reserved 1114112K
  class space    used 7101K, committed 7744K, reserved 1048576K
}
Event: 85492.708 GC heap before
{Heap before GC invocations=45 (full 3):
 PSYoungGen      total 16896K, used 16885K [0x00000000d5580000, 0x00000000d6e80000, 0x0000000100000000)
  eden space 14336K, 100% used [0x00000000d5580000,0x00000000d6380000,0x00000000d6380000)
  from space 2560K, 99% used [0x00000000d6580000,0x00000000d67fd560,0x00000000d6800000)
  to   space 5632K, 0% used [0x00000000d6900000,0x00000000d6900000,0x00000000d6e80000)
 ParOldGen       total 68608K, used 53629K [0x0000000080000000, 0x0000000084300000, 0x00000000d5580000)
  object space 68608K, 78% used [0x0000000080000000,0x000000008345f6e8,0x0000000084300000)
 Metaspace       used 66389K, committed 67776K, reserved 1114112K
  class space    used 7128K, committed 7744K, reserved 1048576K
}
Event: 85492.711 GC heap after
{Heap after GC invocations=45 (full 3):
 PSYoungGen      total 15872K, used 1350K [0x00000000d5580000, 0x00000000d6a80000, 0x0000000100000000)
  eden space 14336K, 0% used [0x00000000d5580000,0x00000000d5580000,0x00000000d6380000)
  from space 1536K, 87% used [0x00000000d6900000,0x00000000d6a51b30,0x00000000d6a80000)
  to   space 2560K, 0% used [0x00000000d6580000,0x00000000d6580000,0x00000000d6800000)
 ParOldGen       total 68608K, used 54619K [0x0000000080000000, 0x0000000084300000, 0x00000000d5580000)
  object space 68608K, 79% used [0x0000000080000000,0x0000000083556d28,0x0000000084300000)
 Metaspace       used 66389K, committed 67776K, reserved 1114112K
  class space    used 7128K, committed 7744K, reserved 1048576K
}
Event: 85494.098 GC heap before
{Heap before GC invocations=46 (full 3):
 PSYoungGen      total 15872K, used 15686K [0x00000000d5580000, 0x00000000d6a80000, 0x0000000100000000)
  eden space 14336K, 100% used [0x00000000d5580000,0x00000000d6380000,0x00000000d6380000)
  from space 1536K, 87% used [0x00000000d6900000,0x00000000d6a51b30,0x00000000d6a80000)
  to   space 2560K, 0% used [0x00000000d6580000,0x00000000d6580000,0x00000000d6800000)
 ParOldGen       total 68608K, used 54619K [0x0000000080000000, 0x0000000084300000, 0x00000000d5580000)
  object space 68608K, 79% used [0x0000000080000000,0x0000000083556d28,0x0000000084300000)
 Metaspace       used 66865K, committed 68224K, reserved 1114112K
  class space    used 7163K, committed 7744K, reserved 1048576K
}
Event: 85494.100 GC heap after
{Heap after GC invocations=46 (full 3):
 PSYoungGen      total 16384K, used 1549K [0x00000000d5580000, 0x00000000d6980000, 0x0000000100000000)
  eden space 14336K, 0% used [0x00000000d5580000,0x00000000d5580000,0x00000000d6380000)
  from space 2048K, 75% used [0x00000000d6580000,0x00000000d6703520,0x00000000d6780000)
  to   space 2048K, 0% used [0x00000000d6780000,0x00000000d6780000,0x00000000d6980000)
 ParOldGen       total 68608K, used 54995K [0x0000000080000000, 0x0000000084300000, 0x00000000d5580000)
  object space 68608K, 80% used [0x0000000080000000,0x00000000835b4ef0,0x0000000084300000)
 Metaspace       used 66865K, committed 68224K, reserved 1114112K
  class space    used 7163K, committed 7744K, reserved 1048576K
}

