# JRE version: OpenJDK Runtime Environment Temurin-21.0.9+10 (21.0.9+10) (build 21.0.9+10-LTS)
# Java VM: OpenJDK 64-Bit Server VM Temurin-21.0.9+10 (21.0.9+10-LTS, mixed mode, sharing, tiered, compressed oops, compressed class ptrs, parallel gc, windows-amd64)
GC Precious Log:
 CardTable entry size: 512
 CPUs: 20 total, 20 available
 Memory: 32472M
 Large Page Support: Disabled
 NUMA Support: Disabled
 Compressed Oops: Enabled (32-bit)
 Alignments: Space 512K, Generation 512K, Heap 2M
 Heap Min Capacity: 100M
 Heap Initial Capacity: 100M
 Heap Max Capacity: 2G
 Pre-touch: Disabled
 Parallel Workers: 15
Heap:
 PSYoungGen      total 22016K, used 8040K [0x00000000d5580000, 0x00000000d6e80000, 0x0000000100000000)
  eden space 20480K, 31% used [0x00000000d5580000,0x00000000d5bde670,0x00000000d6980000)
  from space 1536K, 98% used [0x00000000d6a80000,0x00000000d6bfba10,0x00000000d6c00000)
  to   space 2560K, 0% used [0x00000000d6c00000,0x00000000d6c00000,0x00000000d6e80000)
 ParOldGen       total 68608K, used 38008K [0x0000000080000000, 0x0000000084300000, 0x00000000d5580000)
  object space 68608K, 55% used [0x0000000080000000,0x000000008251e328,0x0000000084300000)
 Metaspace       used 54433K, committed 55808K, reserved 1114112K
  class space    used 5889K, committed 6464K, reserved 1048576K
GC Heap History (20 events):
Event: 3.273 GC heap before
{Heap before GC invocations=20 (full 2):
 PSYoungGen      total 23040K, used 22818K [0x00000000d5580000, 0x00000000d6f80000, 0x0000000100000000)
  eden space 20480K, 100% used [0x00000000d5580000,0x00000000d6980000,0x00000000d6980000)
  from space 2560K, 91% used [0x00000000d6980000,0x00000000d6bc8800,0x00000000d6c00000)
  to   space 3072K, 0% used [0x00000000d6c80000,0x00000000d6c80000,0x00000000d6f80000)
 ParOldGen       total 68608K, used 24824K [0x0000000080000000, 0x0000000084300000, 0x00000000d5580000)
  object space 68608K, 36% used [0x0000000080000000,0x000000008183e398,0x0000000084300000)
 Metaspace       used 39561K, committed 40768K, reserved 1114112K
  class space    used 4134K, committed 4672K, reserved 1048576K
}
Event: 3.275 GC heap after
{Heap after GC invocations=20 (full 2):
 PSYoungGen      total 23040K, used 2329K [0x00000000d5580000, 0x00000000d6f00000, 0x0000000100000000)
  eden space 20480K, 0% used [0x00000000d5580000,0x00000000d5580000,0x00000000d6980000)
  from space 2560K, 91% used [0x00000000d6c80000,0x00000000d6ec6718,0x00000000d6f00000)
  to   space 2560K, 0% used [0x00000000d6980000,0x00000000d6980000,0x00000000d6c00000)
 ParOldGen       total 68608K, used 26760K [0x0000000080000000, 0x0000000084300000, 0x00000000d5580000)
  object space 68608K, 39% used [0x0000000080000000,0x0000000081a22398,0x0000000084300000)
 Metaspace       used 39561K, committed 40768K, reserved 1114112K
  class space    used 4134K, committed 4672K, reserved 1048576K
}
Event: 3.308 GC heap before
{Heap before GC invocations=21 (full 2):
 PSYoungGen      total 23040K, used 22809K [0x00000000d5580000, 0x00000000d6f00000, 0x0000000100000000)
  eden space 20480K, 100% used [0x00000000d5580000,0x00000000d6980000,0x00000000d6980000)
  from space 2560K, 91% used [0x00000000d6c80000,0x00000000d6ec6718,0x00000000d6f00000)
  to   space 2560K, 0% used [0x00000000d6980000,0x00000000d6980000,0x00000000d6c00000)
 ParOldGen       total 68608K, used 26760K [0x0000000080000000, 0x0000000084300000, 0x00000000d5580000)
  object space 68608K, 39% used [0x0000000080000000,0x0000000081a22398,0x0000000084300000)
 Metaspace       used 39860K, committed 41088K, reserved 1114112K
  class space    used 4166K, committed 4736K, reserved 1048576K
}
Event: 3.310 GC heap after
{Heap after GC invocations=21 (full 2):
 PSYoungGen      total 23040K, used 2336K [0x00000000d5580000, 0x00000000d6e80000, 0x0000000100000000)
  eden space 20480K, 0% used [0x00000000d5580000,0x00000000d5580000,0x00000000d6980000)
  from space 2560K, 91% used [0x00000000d6980000,0x00000000d6bc8010,0x00000000d6c00000)
  to   space 2560K, 0% used [0x00000000d6c00000,0x00000000d6c00000,0x00000000d6e80000)
 ParOldGen       total 68608K, used 28817K [0x0000000080000000, 0x0000000084300000, 0x00000000d5580000)
  object space 68608K, 42% used [0x0000000080000000,0x0000000081c24498,0x0000000084300000)
 Metaspace       used 39860K, committed 41088K, reserved 1114112K
  class space    used 4166K, committed 4736K, reserved 1048576K
}
Event: 3.341 GC heap before
{Heap before GC invocations=22 (full 2):
 PSYoungGen      total 23040K, used 22816K [0x00000000d5580000, 0x00000000d6e80000, 0x0000000100000000)
  eden space 20480K, 100% used [0x00000000d5580000,0x00000000d6980000,0x00000000d6980000)
  from space 2560K, 91% used [0x00000000d6980000,0x00000000d6bc8010,0x00000000d6c00000)
  to   space 2560K, 0% used [0x00000000d6c00000,0x00000000d6c00000,0x00000000d6e80000)
 ParOldGen       total 68608K, used 28817K [0x0000000080000000, 0x0000000084300000, 0x00000000d5580000)
  object space 68608K, 42% used [0x0000000080000000,0x0000000081c244b8,0x0000000084300000)
 Metaspace       used 40156K, committed 41344K, reserved 1114112K
  class space    used 4201K, committed 4736K, reserved 1048576K
}
Event: 3.342 GC heap after
{Heap after GC invocations=22 (full 2):
 PSYoungGen      total 23040K, used 2040K [0x00000000d5580000, 0x00000000d6e80000, 0x0000000100000000)
  eden space 20480K, 0% used [0x00000000d5580000,0x00000000d5580000,0x00000000d6980000)
  from space 2560K, 79% used [0x00000000d6c00000,0x00000000d6dfe200,0x00000000d6e80000)
  to   space 2560K, 0% used [0x00000000d6980000,0x00000000d6980000,0x00000000d6c00000)
 ParOldGen       total 68608K, used 30929K [0x0000000080000000, 0x0000000084300000, 0x00000000d5580000)
  object space 68608K, 45% used [0x0000000080000000,0x0000000081e344c8,0x0000000084300000)
 Metaspace       used 40156K, committed 41344K, reserved 1114112K
  class space    used 4201K, committed 4736K, reserved 1048576K
}
Event: 3.498 GC heap before
{Heap before GC invocations=23 (full 2):
 PSYoungGen      total 23040K, used 22520K [0x00000000d5580000, 0x00000000d6e80000, 0x0000000100000000)
  eden space 20480K, 100% used [0x00000000d5580000,0x00000000d6980000,0x00000000d6980000)
  from space 2560K, 79% used [0x00000000d6c00000,0x00000000d6dfe200,0x00000000d6e80000)
  to   space 2560K, 0% used [0x00000000d6980000,0x00000000d6980000,0x00000000d6c00000)
 ParOldGen       total 68608K, used 30931K [0x0000000080000000, 0x0000000084300000, 0x00000000d5580000)
  object space 68608K, 45% used [0x0000000080000000,0x0000000081e34d48,0x0000000084300000)
 Metaspace       used 42542K, committed 43712K, reserved 1114112K
  class space    used 4463K, committed 4992K, reserved 1048576K
}
Event: 3.500 GC heap after
{Heap after GC invocations=23 (full 2):
 PSYoungGen      total 22016K, used 1280K [0x00000000d5580000, 0x00000000d6d80000, 0x0000000100000000)
  eden space 20480K, 0% used [0x00000000d5580000,0x00000000d5580000,0x00000000d6980000)
  from space 1536K, 83% used [0x00000000d6980000,0x00000000d6ac0000,0x00000000d6b00000)
  to   space 2048K, 0% used [0x00000000d6b80000,0x00000000d6b80000,0x00000000d6d80000)
 ParOldGen       total 68608K, used 32704K [0x0000000080000000, 0x0000000084300000, 0x00000000d5580000)
  object space 68608K, 47% used [0x0000000080000000,0x0000000081ff02a0,0x0000000084300000)
 Metaspace       used 42542K, committed 43712K, reserved 1114112K
  class space    used 4463K, committed 4992K, reserved 1048576K
}
Event: 3.666 GC heap before
{Heap before GC invocations=24 (full 2):
 PSYoungGen      total 22016K, used 21760K [0x00000000d5580000, 0x00000000d6d80000, 0x0000000100000000)
  eden space 20480K, 100% used [0x00000000d5580000,0x00000000d6980000,0x00000000d6980000)
  from space 1536K, 83% used [0x00000000d6980000,0x00000000d6ac0000,0x00000000d6b00000)
  to   space 2048K, 0% used [0x00000000d6b80000,0x00000000d6b80000,0x00000000d6d80000)
 ParOldGen       total 68608K, used 32704K [0x0000000080000000, 0x0000000084300000, 0x00000000d5580000)
  object space 68608K, 47% used [0x0000000080000000,0x0000000081ff02a0,0x0000000084300000)
 Metaspace       used 45018K, committed 46208K, reserved 1114112K
  class space    used 4787K, committed 5312K, reserved 1048576K
}
Event: 3.668 GC heap after
{Heap after GC invocations=24 (full 2):
 PSYoungGen      total 22016K, used 1389K [0x00000000d5580000, 0x00000000d6d00000, 0x0000000100000000)
  eden space 20480K, 0% used [0x00000000d5580000,0x00000000d5580000,0x00000000d6980000)
  from space 1536K, 90% used [0x00000000d6b80000,0x00000000d6cdb520,0x00000000d6d00000)
  to   space 1536K, 0% used [0x00000000d6980000,0x00000000d6980000,0x00000000d6b00000)
 ParOldGen       total 68608K, used 33779K [0x0000000080000000, 0x0000000084300000, 0x00000000d5580000)
  object space 68608K, 49% used [0x0000000080000000,0x00000000820fcf90,0x0000000084300000)
 Metaspace       used 45018K, committed 46208K, reserved 1114112K
  class space    used 4787K, committed 5312K, reserved 1048576K
}
Event: 3.855 GC heap before
{Heap before GC invocations=25 (full 2):
 PSYoungGen      total 22016K, used 21869K [0x00000000d5580000, 0x00000000d6d00000, 0x0000000100000000)
  eden space 20480K, 100% used [0x00000000d5580000,0x00000000d6980000,0x00000000d6980000)
  from space 1536K, 90% used [0x00000000d6b80000,0x00000000d6cdb520,0x00000000d6d00000)
  to   space 1536K, 0% used [0x00000000d6980000,0x00000000d6980000,0x00000000d6b00000)
 ParOldGen       total 68608K, used 33779K [0x0000000080000000, 0x0000000084300000, 0x00000000d5580000)
  object space 68608K, 49% used [0x0000000080000000,0x00000000820fcf90,0x0000000084300000)
 Metaspace       used 46328K, committed 47552K, reserved 1114112K
  class space    used 4969K, committed 5504K, reserved 1048576K
}
Event: 3.858 GC heap after
{Heap after GC invocations=25 (full 2):
 PSYoungGen      total 22016K, used 1536K [0x00000000d5580000, 0x00000000d7080000, 0x0000000100000000)
  eden space 20480K, 0% used [0x00000000d5580000,0x00000000d5580000,0x00000000d6980000)
  from space 1536K, 100% used [0x00000000d6980000,0x00000000d6b00000,0x00000000d6b00000)
  to   space 3584K, 0% used [0x00000000d6d00000,0x00000000d6d00000,0x00000000d7080000)
 ParOldGen       total 68608K, used 35096K [0x0000000080000000, 0x0000000084300000, 0x00000000d5580000)
  object space 68608K, 51% used [0x0000000080000000,0x0000000082246298,0x0000000084300000)
 Metaspace       used 46328K, committed 47552K, reserved 1114112K
  class space    used 4969K, committed 5504K, reserved 1048576K
}
Event: 4.036 GC heap before
{Heap before GC invocations=26 (full 2):
 PSYoungGen      total 22016K, used 22016K [0x00000000d5580000, 0x00000000d7080000, 0x0000000100000000)
  eden space 20480K, 100% used [0x00000000d5580000,0x00000000d6980000,0x00000000d6980000)
  from space 1536K, 100% used [0x00000000d6980000,0x00000000d6b00000,0x00000000d6b00000)
  to   space 3584K, 0% used [0x00000000d6d00000,0x00000000d6d00000,0x00000000d7080000)
 ParOldGen       total 68608K, used 35096K [0x0000000080000000, 0x0000000084300000, 0x00000000d5580000)
  object space 68608K, 51% used [0x0000000080000000,0x0000000082246298,0x0000000084300000)
 Metaspace       used 47790K, committed 49024K, reserved 1114112K
  class space    used 5136K, committed 5696K, reserved 1048576K
}
Event: 4.038 GC heap after
{Heap after GC invocations=26 (full 2):
 PSYoungGen      total 21504K, used 736K [0x00000000d5580000, 0x00000000d6e00000, 0x0000000100000000)
  eden space 20480K, 0% used [0x00000000d5580000,0x00000000d5580000,0x00000000d6980000)
  from space 1024K, 71% used [0x00000000d6d00000,0x00000000d6db8010,0x00000000d6e00000)
  to   space 1536K, 0% used [0x00000000d6b00000,0x00000000d6b00000,0x00000000d6c80000)
 ParOldGen       total 68608K, used 36488K [0x0000000080000000, 0x0000000084300000, 0x00000000d5580000)
  object space 68608K, 53% used [0x0000000080000000,0x00000000823a2328,0x0000000084300000)
 Metaspace       used 47790K, committed 49024K, reserved 1114112K
  class space    used 5136K, committed 5696K, reserved 1048576K
}
Event: 4.219 GC heap before
{Heap before GC invocations=27 (full 2):
 PSYoungGen      total 21504K, used 21216K [0x00000000d5580000, 0x00000000d6e00000, 0x0000000100000000)
  eden space 20480K, 100% used [0x00000000d5580000,0x00000000d6980000,0x00000000d6980000)
  from space 1024K, 71% used [0x00000000d6d00000,0x00000000d6db8010,0x00000000d6e00000)
  to   space 1536K, 0% used [0x00000000d6b00000,0x00000000d6b00000,0x00000000d6c80000)
 ParOldGen       total 68608K, used 36488K [0x0000000080000000, 0x0000000084300000, 0x00000000d5580000)
  object space 68608K, 53% used [0x0000000080000000,0x00000000823a2328,0x0000000084300000)
 Metaspace       used 49066K, committed 50368K, reserved 1114112K
  class space    used 5279K, committed 5824K, reserved 1048576K
}
Event: 4.220 GC heap after
{Heap after GC invocations=27 (full 2):
 PSYoungGen      total 22016K, used 640K [0x00000000d5580000, 0x00000000d6d80000, 0x0000000100000000)
  eden space 20480K, 0% used [0x00000000d5580000,0x00000000d5580000,0x00000000d6980000)
  from space 1536K, 41% used [0x00000000d6b00000,0x00000000d6ba0010,0x00000000d6c80000)
  to   space 1024K, 0% used [0x00000000d6c80000,0x00000000d6c80000,0x00000000d6d80000)
 ParOldGen       total 68608K, used 36840K [0x0000000080000000, 0x0000000084300000, 0x00000000d5580000)
  object space 68608K, 53% used [0x0000000080000000,0x00000000823fa328,0x0000000084300000)
 Metaspace       used 49066K, committed 50368K, reserved 1114112K
  class space    used 5279K, committed 5824K, reserved 1048576K
}
Event: 4.412 GC heap before
{Heap before GC invocations=28 (full 2):
 PSYoungGen      total 22016K, used 21120K [0x00000000d5580000, 0x00000000d6d80000, 0x0000000100000000)
  eden space 20480K, 100% used [0x00000000d5580000,0x00000000d6980000,0x00000000d6980000)
  from space 1536K, 41% used [0x00000000d6b00000,0x00000000d6ba0010,0x00000000d6c80000)
  to   space 1024K, 0% used [0x00000000d6c80000,0x00000000d6c80000,0x00000000d6d80000)
 ParOldGen       total 68608K, used 36840K [0x0000000080000000, 0x0000000084300000, 0x00000000d5580000)
  object space 68608K, 53% used [0x0000000080000000,0x00000000823fa328,0x0000000084300000)
 Metaspace       used 51355K, committed 52608K, reserved 1114112K
  class space    used 5529K, committed 6080K, reserved 1048576K
}
Event: 4.413 GC heap after
{Heap after GC invocations=28 (full 2):
 PSYoungGen      total 21504K, used 1024K [0x00000000d5580000, 0x00000000d6d80000, 0x0000000100000000)
  eden space 20480K, 0% used [0x00000000d5580000,0x00000000d5580000,0x00000000d6980000)
  from space 1024K, 100% used [0x00000000d6c80000,0x00000000d6d80000,0x00000000d6d80000)
  to   space 1536K, 0% used [0x00000000d6a80000,0x00000000d6a80000,0x00000000d6c00000)
 ParOldGen       total 68608K, used 37208K [0x0000000080000000, 0x0000000084300000, 0x00000000d5580000)
  object space 68608K, 54% used [0x0000000080000000,0x0000000082456328,0x0000000084300000)
 Metaspace       used 51355K, committed 52608K, reserved 1114112K
  class space    used 5529K, committed 6080K, reserved 1048576K
}
Event: 4.677 GC heap before
{Heap before GC invocations=29 (full 2):
 PSYoungGen      total 21504K, used 21504K [0x00000000d5580000, 0x00000000d6d80000, 0x0000000100000000)
  eden space 20480K, 100% used [0x00000000d5580000,0x00000000d6980000,0x00000000d6980000)
  from space 1024K, 100% used [0x00000000d6c80000,0x00000000d6d80000,0x00000000d6d80000)
  to   space 1536K, 0% used [0x00000000d6a80000,0x00000000d6a80000,0x00000000d6c00000)
 ParOldGen       total 68608K, used 37208K [0x0000000080000000, 0x0000000084300000, 0x00000000d5580000)
  object space 68608K, 54% used [0x0000000080000000,0x0000000082456328,0x0000000084300000)
 Metaspace       used 53730K, committed 54976K, reserved 1114112K
  class space    used 5821K, committed 6400K, reserved 1048576K
}
Event: 4.679 GC heap after
{Heap after GC invocations=29 (full 2):
 PSYoungGen      total 22016K, used 1518K [0x00000000d5580000, 0x00000000d6e80000, 0x0000000100000000)
  eden space 20480K, 0% used [0x00000000d5580000,0x00000000d5580000,0x00000000d6980000)
  from space 1536K, 98% used [0x00000000d6a80000,0x00000000d6bfba10,0x00000000d6c00000)
  to   space 2560K, 0% used [0x00000000d6c00000,0x00000000d6c00000,0x00000000d6e80000)
 ParOldGen       total 68608K, used 38008K [0x0000000080000000, 0x0000000084300000, 0x00000000d5580000)
  object space 68608K, 55% used [0x0000000080000000,0x000000008251e328,0x0000000084300000)
 Metaspace       used 53730K, committed 54976K, reserved 1114112K
  class space    used 5821K, committed 6400K, reserved 1048576K
}

