# JRE version: OpenJDK Runtime Environment Temurin-21.0.9+10 (21.0.9+10) (build 21.0.9+10-LTS)
# Java VM: OpenJDK 64-Bit Server VM Temurin-21.0.9+10 (21.0.9+10-LTS, mixed mode, sharing, tiered, compressed oops, compressed class ptrs, parallel gc, windows-amd64)
GC Precious Log:
 CardTable entry size: 512
 CPUs: 20 total, 20 available
 Memory: 32472M
 Large Page Support: Disabled
 NUMA Support: Disabled
 Compressed Oops: Enabled (32-bit)
 Alignments: Space 512K, Generation 512K, Heap 2M
 Heap Min Capacity: 100M
 Heap Initial Capacity: 100M
 Heap Max Capacity: 2G
 Pre-touch: Disabled
 Parallel Workers: 15
Heap:
 PSYoungGen      total 23552K, used 12498K [0x00000000d5580000, 0x00000000d7100000, 0x0000000100000000)
  eden space 20992K, 48% used [0x00000000d5580000,0x00000000d5f73bf0,0x00000000d6a00000)
  from space 2560K, 90% used [0x00000000d6e80000,0x00000000d70c1000,0x00000000d7100000)
  to   space 3072K, 0% used [0x00000000d6b00000,0x00000000d6b00000,0x00000000d6e00000)
 ParOldGen       total 68608K, used 26771K [0x0000000080000000, 0x0000000084300000, 0x00000000d5580000)
  object space 68608K, 39% used [0x0000000080000000,0x0000000081a24d98,0x0000000084300000)
 Metaspace       used 40426K, committed 41600K, reserved 1114112K
  class space    used 4216K, committed 4736K, reserved 1048576K
GC Heap History (20 events):
Event: 33.927 GC heap before
{Heap before GC invocations=10 (full 1):
 PSYoungGen      total 27648K, used 27162K [0x00000000d5580000, 0x00000000d7680000, 0x0000000100000000)
  eden space 24064K, 100% used [0x00000000d5580000,0x00000000d6d00000,0x00000000d6d00000)
  from space 3584K, 86% used [0x00000000d7300000,0x00000000d7606b70,0x00000000d7680000)
  to   space 4096K, 0% used [0x00000000d6e80000,0x00000000d6e80000,0x00000000d7280000)
 ParOldGen       total 68608K, used 13139K [0x0000000080000000, 0x0000000084300000, 0x00000000d5580000)
  object space 68608K, 19% used [0x0000000080000000,0x0000000080cd4d50,0x0000000084300000)
 Metaspace       used 26158K, committed 27008K, reserved 1114112K
  class space    used 2614K, committed 3008K, reserved 1048576K
}
Event: 33.928 GC heap after
{Heap after GC invocations=10 (full 1):
 PSYoungGen      total 27648K, used 3636K [0x00000000d5580000, 0x00000000d7480000, 0x0000000100000000)
  eden space 23552K, 0% used [0x00000000d5580000,0x00000000d5580000,0x00000000d6c80000)
  from space 4096K, 88% used [0x00000000d6e80000,0x00000000d720d070,0x00000000d7280000)
  to   space 2048K, 0% used [0x00000000d7280000,0x00000000d7280000,0x00000000d7480000)
 ParOldGen       total 68608K, used 13147K [0x0000000080000000, 0x0000000084300000, 0x00000000d5580000)
  object space 68608K, 19% used [0x0000000080000000,0x0000000080cd6d50,0x0000000084300000)
 Metaspace       used 26158K, committed 27008K, reserved 1114112K
  class space    used 2614K, committed 3008K, reserved 1048576K
}
Event: 34.057 GC heap before
{Heap before GC invocations=11 (full 1):
 PSYoungGen      total 27648K, used 27188K [0x00000000d5580000, 0x00000000d7480000, 0x0000000100000000)
  eden space 23552K, 100% used [0x00000000d5580000,0x00000000d6c80000,0x00000000d6c80000)
  from space 4096K, 88% used [0x00000000d6e80000,0x00000000d720d070,0x00000000d7280000)
  to   space 2048K, 0% used [0x00000000d7280000,0x00000000d7280000,0x00000000d7480000)
 ParOldGen       total 68608K, used 13147K [0x0000000080000000, 0x0000000084300000, 0x00000000d5580000)
  object space 68608K, 19% used [0x0000000080000000,0x0000000080cd6d50,0x0000000084300000)
 Metaspace       used 27848K, committed 28800K, reserved 1114112K
  class space    used 2725K, committed 3136K, reserved 1048576K
}
Event: 34.058 GC heap after
{Heap after GC invocations=11 (full 1):
 PSYoungGen      total 25088K, used 1627K [0x00000000d5580000, 0x00000000d7480000, 0x0000000100000000)
  eden space 23040K, 0% used [0x00000000d5580000,0x00000000d5580000,0x00000000d6c00000)
  from space 2048K, 79% used [0x00000000d7280000,0x00000000d7416da0,0x00000000d7480000)
  to   space 2560K, 0% used [0x00000000d6f80000,0x00000000d6f80000,0x00000000d7200000)
 ParOldGen       total 68608K, used 14844K [0x0000000080000000, 0x0000000084300000, 0x00000000d5580000)
  object space 68608K, 21% used [0x0000000080000000,0x0000000080e7f1c0,0x0000000084300000)
 Metaspace       used 27848K, committed 28800K, reserved 1114112K
  class space    used 2725K, committed 3136K, reserved 1048576K
}
Event: 34.333 GC heap before
{Heap before GC invocations=12 (full 1):
 PSYoungGen      total 25088K, used 24658K [0x00000000d5580000, 0x00000000d7480000, 0x0000000100000000)
  eden space 23040K, 99% used [0x00000000d5580000,0x00000000d6bfde48,0x00000000d6c00000)
  from space 2048K, 79% used [0x00000000d7280000,0x00000000d7416da0,0x00000000d7480000)
  to   space 2560K, 0% used [0x00000000d6f80000,0x00000000d6f80000,0x00000000d7200000)
 ParOldGen       total 68608K, used 14844K [0x0000000080000000, 0x0000000084300000, 0x00000000d5580000)
  object space 68608K, 21% used [0x0000000080000000,0x0000000080e7f1c0,0x0000000084300000)
 Metaspace       used 31519K, committed 32704K, reserved 1114112K
  class space    used 3119K, committed 3648K, reserved 1048576K
}
Event: 34.335 GC heap after
{Heap after GC invocations=12 (full 1):
 PSYoungGen      total 24576K, used 1910K [0x00000000d5580000, 0x00000000d7300000, 0x0000000100000000)
  eden space 22528K, 0% used [0x00000000d5580000,0x00000000d5580000,0x00000000d6b80000)
  from space 2048K, 93% used [0x00000000d6f80000,0x00000000d715dad0,0x00000000d7180000)
  to   space 1536K, 0% used [0x00000000d7180000,0x00000000d7180000,0x00000000d7300000)
 ParOldGen       total 68608K, used 16343K [0x0000000080000000, 0x0000000084300000, 0x00000000d5580000)
  object space 68608K, 23% used [0x0000000080000000,0x0000000080ff5ef0,0x0000000084300000)
 Metaspace       used 31519K, committed 32704K, reserved 1114112K
  class space    used 3119K, committed 3648K, reserved 1048576K
}
Event: 34.471 GC heap before
{Heap before GC invocations=13 (full 1):
 PSYoungGen      total 24576K, used 24438K [0x00000000d5580000, 0x00000000d7300000, 0x0000000100000000)
  eden space 22528K, 100% used [0x00000000d5580000,0x00000000d6b80000,0x00000000d6b80000)
  from space 2048K, 93% used [0x00000000d6f80000,0x00000000d715dad0,0x00000000d7180000)
  to   space 1536K, 0% used [0x00000000d7180000,0x00000000d7180000,0x00000000d7300000)
 ParOldGen       total 68608K, used 16343K [0x0000000080000000, 0x0000000084300000, 0x00000000d5580000)
  object space 68608K, 23% used [0x0000000080000000,0x0000000080ff5ef0,0x0000000084300000)
 Metaspace       used 34238K, committed 35456K, reserved 1114112K
  class space    used 3415K, committed 3904K, reserved 1048576K
}
Event: 34.474 GC heap after
{Heap after GC invocations=13 (full 1):
 PSYoungGen      total 22528K, used 1529K [0x00000000d5580000, 0x00000000d7a00000, 0x0000000100000000)
  eden space 20992K, 0% used [0x00000000d5580000,0x00000000d5580000,0x00000000d6a00000)
  from space 1536K, 99% used [0x00000000d7180000,0x00000000d72fe640,0x00000000d7300000)
  to   space 7680K, 0% used [0x00000000d6a00000,0x00000000d6a00000,0x00000000d7180000)
 ParOldGen       total 68608K, used 21498K [0x0000000080000000, 0x0000000084300000, 0x00000000d5580000)
  object space 68608K, 31% used [0x0000000080000000,0x00000000814feb08,0x0000000084300000)
 Metaspace       used 34238K, committed 35456K, reserved 1114112K
  class space    used 3415K, committed 3904K, reserved 1048576K
}
Event: 34.515 GC heap before
{Heap before GC invocations=14 (full 1):
 PSYoungGen      total 22528K, used 6298K [0x00000000d5580000, 0x00000000d7a00000, 0x0000000100000000)
  eden space 20992K, 22% used [0x00000000d5580000,0x00000000d5a282b8,0x00000000d6a00000)
  from space 1536K, 99% used [0x00000000d7180000,0x00000000d72fe640,0x00000000d7300000)
  to   space 7680K, 0% used [0x00000000d6a00000,0x00000000d6a00000,0x00000000d7180000)
 ParOldGen       total 68608K, used 21498K [0x0000000080000000, 0x0000000084300000, 0x00000000d5580000)
  object space 68608K, 31% used [0x0000000080000000,0x00000000814feb08,0x0000000084300000)
 Metaspace       used 34740K, committed 35840K, reserved 1114112K
  class space    used 3484K, committed 3968K, reserved 1048576K
}
Event: 34.517 GC heap after
{Heap after GC invocations=14 (full 1):
 PSYoungGen      total 22016K, used 736K [0x00000000d5580000, 0x00000000d7200000, 0x0000000100000000)
  eden space 20992K, 0% used [0x00000000d5580000,0x00000000d5580000,0x00000000d6a00000)
  from space 1024K, 71% used [0x00000000d6a00000,0x00000000d6ab8000,0x00000000d6b00000)
  to   space 3072K, 0% used [0x00000000d6f00000,0x00000000d6f00000,0x00000000d7200000)
 ParOldGen       total 68608K, used 22911K [0x0000000080000000, 0x0000000084300000, 0x00000000d5580000)
  object space 68608K, 33% used [0x0000000080000000,0x000000008165fd98,0x0000000084300000)
 Metaspace       used 34740K, committed 35840K, reserved 1114112K
  class space    used 3484K, committed 3968K, reserved 1048576K
}
Event: 34.517 GC heap before
{Heap before GC invocations=15 (full 2):
 PSYoungGen      total 22016K, used 736K [0x00000000d5580000, 0x00000000d7200000, 0x0000000100000000)
  eden space 20992K, 0% used [0x00000000d5580000,0x00000000d5580000,0x00000000d6a00000)
  from space 1024K, 71% used [0x00000000d6a00000,0x00000000d6ab8000,0x00000000d6b00000)
  to   space 3072K, 0% used [0x00000000d6f00000,0x00000000d6f00000,0x00000000d7200000)
 ParOldGen       total 68608K, used 22911K [0x0000000080000000, 0x0000000084300000, 0x00000000d5580000)
  object space 68608K, 33% used [0x0000000080000000,0x000000008165fd98,0x0000000084300000)
 Metaspace       used 34740K, committed 35840K, reserved 1114112K
  class space    used 3484K, committed 3968K, reserved 1048576K
}
Event: 34.533 GC heap after
{Heap after GC invocations=15 (full 2):
 PSYoungGen      total 22016K, used 0K [0x00000000d5580000, 0x00000000d7200000, 0x0000000100000000)
  eden space 20992K, 0% used [0x00000000d5580000,0x00000000d5580000,0x00000000d6a00000)
  from space 1024K, 0% used [0x00000000d6a00000,0x00000000d6a00000,0x00000000d6b00000)
  to   space 3072K, 0% used [0x00000000d6f00000,0x00000000d6f00000,0x00000000d7200000)
 ParOldGen       total 68608K, used 19434K [0x0000000080000000, 0x0000000084300000, 0x00000000d5580000)
  object space 68608K, 28% used [0x0000000080000000,0x00000000812fab60,0x0000000084300000)
 Metaspace       used 34740K, committed 35840K, reserved 1114112K
  class space    used 3484K, committed 3968K, reserved 1048576K
}
Event: 34.707 GC heap before
{Heap before GC invocations=16 (full 2):
 PSYoungGen      total 22016K, used 20992K [0x00000000d5580000, 0x00000000d7200000, 0x0000000100000000)
  eden space 20992K, 100% used [0x00000000d5580000,0x00000000d6a00000,0x00000000d6a00000)
  from space 1024K, 0% used [0x00000000d6a00000,0x00000000d6a00000,0x00000000d6b00000)
  to   space 3072K, 0% used [0x00000000d6f00000,0x00000000d6f00000,0x00000000d7200000)
 ParOldGen       total 68608K, used 19434K [0x0000000080000000, 0x0000000084300000, 0x00000000d5580000)
  object space 68608K, 28% used [0x0000000080000000,0x00000000812fab60,0x0000000084300000)
 Metaspace       used 37390K, committed 38656K, reserved 1114112K
  class space    used 3804K, committed 4352K, reserved 1048576K
}
Event: 34.708 GC heap after
{Heap after GC invocations=16 (full 2):
 PSYoungGen      total 23040K, used 1568K [0x00000000d5580000, 0x00000000d7100000, 0x0000000100000000)
  eden space 20992K, 0% used [0x00000000d5580000,0x00000000d5580000,0x00000000d6a00000)
  from space 2048K, 76% used [0x00000000d6f00000,0x00000000d7088020,0x00000000d7100000)
  to   space 2048K, 0% used [0x00000000d6d00000,0x00000000d6d00000,0x00000000d6f00000)
 ParOldGen       total 68608K, used 19442K [0x0000000080000000, 0x0000000084300000, 0x00000000d5580000)
  object space 68608K, 28% used [0x0000000080000000,0x00000000812fcb60,0x0000000084300000)
 Metaspace       used 37390K, committed 38656K, reserved 1114112K
  class space    used 3804K, committed 4352K, reserved 1048576K
}
Event: 34.737 GC heap before
{Heap before GC invocations=17 (full 2):
 PSYoungGen      total 23040K, used 22560K [0x00000000d5580000, 0x00000000d7100000, 0x0000000100000000)
  eden space 20992K, 100% used [0x00000000d5580000,0x00000000d6a00000,0x00000000d6a00000)
  from space 2048K, 76% used [0x00000000d6f00000,0x00000000d7088020,0x00000000d7100000)
  to   space 2048K, 0% used [0x00000000d6d00000,0x00000000d6d00000,0x00000000d6f00000)
 ParOldGen       total 68608K, used 19442K [0x0000000080000000, 0x0000000084300000, 0x00000000d5580000)
  object space 68608K, 28% used [0x0000000080000000,0x00000000812fcb60,0x0000000084300000)
 Metaspace       used 37594K, committed 38784K, reserved 1114112K
  class space    used 3829K, committed 4352K, reserved 1048576K
}
Event: 34.739 GC heap after
{Heap after GC invocations=17 (full 2):
 PSYoungGen      total 23040K, used 2016K [0x00000000d5580000, 0x00000000d7200000, 0x0000000100000000)
  eden space 20992K, 0% used [0x00000000d5580000,0x00000000d5580000,0x00000000d6a00000)
  from space 2048K, 98% used [0x00000000d6d00000,0x00000000d6ef8010,0x00000000d6f00000)
  to   space 3072K, 0% used [0x00000000d6f00000,0x00000000d6f00000,0x00000000d7200000)
 ParOldGen       total 68608K, used 20922K [0x0000000080000000, 0x0000000084300000, 0x00000000d5580000)
  object space 68608K, 30% used [0x0000000080000000,0x000000008146eb90,0x0000000084300000)
 Metaspace       used 37594K, committed 38784K, reserved 1114112K
  class space    used 3829K, committed 4352K, reserved 1048576K
}
Event: 34.859 GC heap before
{Heap before GC invocations=18 (full 2):
 PSYoungGen      total 23040K, used 23008K [0x00000000d5580000, 0x00000000d7200000, 0x0000000100000000)
  eden space 20992K, 100% used [0x00000000d5580000,0x00000000d6a00000,0x00000000d6a00000)
  from space 2048K, 98% used [0x00000000d6d00000,0x00000000d6ef8010,0x00000000d6f00000)
  to   space 3072K, 0% used [0x00000000d6f00000,0x00000000d6f00000,0x00000000d7200000)
 ParOldGen       total 68608K, used 20922K [0x0000000080000000, 0x0000000084300000, 0x00000000d5580000)
  object space 68608K, 30% used [0x0000000080000000,0x000000008146eb90,0x0000000084300000)
 Metaspace       used 39714K, committed 40960K, reserved 1114112K
  class space    used 4126K, committed 4672K, reserved 1048576K
}
Event: 34.860 GC heap after
{Heap after GC invocations=18 (full 2):
 PSYoungGen      total 23040K, used 1867K [0x00000000d5580000, 0x00000000d7100000, 0x0000000100000000)
  eden space 20992K, 0% used [0x00000000d5580000,0x00000000d5580000,0x00000000d6a00000)
  from space 2048K, 91% used [0x00000000d6f00000,0x00000000d70d2f48,0x00000000d7100000)
  to   space 2560K, 0% used [0x00000000d6c00000,0x00000000d6c00000,0x00000000d6e80000)
 ParOldGen       total 68608K, used 22954K [0x0000000080000000, 0x0000000084300000, 0x00000000d5580000)
  object space 68608K, 33% used [0x0000000080000000,0x000000008166aba0,0x0000000084300000)
 Metaspace       used 39714K, committed 40960K, reserved 1114112K
  class space    used 4126K, committed 4672K, reserved 1048576K
}
Event: 34.887 GC heap before
{Heap before GC invocations=19 (full 2):
 PSYoungGen      total 23040K, used 22859K [0x00000000d5580000, 0x00000000d7100000, 0x0000000100000000)
  eden space 20992K, 100% used [0x00000000d5580000,0x00000000d6a00000,0x00000000d6a00000)
  from space 2048K, 91% used [0x00000000d6f00000,0x00000000d70d2f48,0x00000000d7100000)
  to   space 2560K, 0% used [0x00000000d6c00000,0x00000000d6c00000,0x00000000d6e80000)
 ParOldGen       total 68608K, used 22954K [0x0000000080000000, 0x0000000084300000, 0x00000000d5580000)
  object space 68608K, 33% used [0x0000000080000000,0x000000008166aba0,0x0000000084300000)
 Metaspace       used 40084K, committed 41344K, reserved 1114112K
  class space    used 4177K, committed 4736K, reserved 1048576K
}
Event: 34.889 GC heap after
{Heap after GC invocations=19 (full 2):
 PSYoungGen      total 23552K, used 2530K [0x00000000d5580000, 0x00000000d7300000, 0x0000000100000000)
  eden space 20992K, 0% used [0x00000000d5580000,0x00000000d5580000,0x00000000d6a00000)
  from space 2560K, 98% used [0x00000000d6c00000,0x00000000d6e78810,0x00000000d6e80000)
  to   space 4608K, 0% used [0x00000000d6e80000,0x00000000d6e80000,0x00000000d7300000)
 ParOldGen       total 68608K, used 24516K [0x0000000080000000, 0x0000000084300000, 0x00000000d5580000)
  object space 68608K, 35% used [0x0000000080000000,0x00000000817f13e0,0x0000000084300000)
 Metaspace       used 40084K, committed 41344K, reserved 1114112K
  class space    used 4177K, committed 4736K, reserved 1048576K
}

